[debug] > Exec(early(addDefaultCommands), None, None)
[debug] > Exec(addDefaultCommands, None, None)
[debug] > Exec(early(initialize), None, None)
[debug] > Exec(initialize, None, None)
[debug] > Exec(early(addPluginSbtFile="""C:\Users\Kuba\AppData\Local\Temp\idea.sbt"""), None, None)
[debug] > Exec(addPluginSbtFile="""C:\Users\Kuba\AppData\Local\Temp\idea.sbt""", None, None)
[debug] > Exec(boot, None, None)
[debug] > Exec(writeSbtVersion, None, None)
[debug] > Exec(reload, None, None)
[debug] > Exec(sbtStashOnFailure, None, None)
[debug] > Exec(onFailure loadFailed, None, None)
[debug] > Exec(loadp, None, None)
[info] welcome to sbt 1.9.7 (Amazon.com Inc. Java 17.0.9)
[debug]       Load.loadUnit: plugins took 127.6523ms
[debug]       Load.loadUnit: defsScala took 0.3453ms
[debug] [Loading] Scanning directory C:\Users\Kuba\.sbt\1.0\plugins
[debug] [Loading] Found non-root projects 
[debug] [Loading] Done in C:\Users\Kuba\.sbt\1.0\plugins, returning: ()
[debug] deducing auto plugins based on known facts Set(Atom(sbt.plugins.CorePlugin)) and clauses Clauses(Clause(Atom(sbt.plugins.JvmPlugin),Set(Atom(sbt.plugins.IvyPlugin)))
[debug] Clause(Atom(sbt.ScriptedPlugin),Set(Atom(sbt.plugins.JvmPlugin)))
[debug] Clause(Atom(sbt.plugins.SbtPlugin),Set(Atom(sbt.ScriptedPlugin)))
[debug] Clause(Atom(sbt.plugins.SemanticdbPlugin),Set(Atom(sbt.plugins.JvmPlugin)))
[debug] Clause(Atom(sbt.plugins.JUnitXmlReportPlugin),Set(Atom(sbt.plugins.JvmPlugin)))
[debug] Clause(Atom(sbt.plugins.MiniDependencyTreePlugin),Set(Atom(sbt.plugins.JvmPlugin)))
[debug] Clause(Atom(sbt.plugins.CorePlugin),Set(Atom(sbt.plugins.IvyPlugin)))
[debug] Clause(Atom(sbt.plugins.IvyPlugin),Set(Atom(sbt.plugins.JvmPlugin)))
[debug] Clause(Atom(sbt.plugins.JvmPlugin),Set(Atom(sbt.plugins.SemanticdbPlugin)))
[debug] Clause(Atom(sbt.plugins.JvmPlugin),Set(Atom(sbt.plugins.JUnitXmlReportPlugin)))
[debug] Clause(Atom(sbt.plugins.CorePlugin),Set(Atom(sbt.plugins.Giter8TemplatePlugin)))
[debug] Clause(Atom(sbt.plugins.JvmPlugin),Set(Atom(sbt.plugins.MiniDependencyTreePlugin))))
[debug]   :: deduced result: Matched(sbt.plugins.CorePlugin,sbt.plugins.Giter8TemplatePlugin,sbt.plugins.IvyPlugin,sbt.plugins.JvmPlugin,sbt.plugins.MiniDependencyTreePlugin,sbt.plugins.JUnitXmlReportPlugin,sbt.plugins.SemanticdbPlugin)
[debug] Plugins.deducer#function took 19.1503 ms
[debug]           Load.resolveProject(global-plugins) took 48.1695ms
[debug]         Load.loadTransitive: finalizeProject(Project(id global-plugins, base: C:\Users\Kuba\.sbt\1.0\plugins, plugins: List(<none>))) took 111.941ms
[debug] [Loading] Done in C:\Users\Kuba\.sbt\1.0\plugins, returning: (global-plugins)
[debug]       Load.loadUnit: loadedProjectsRaw took 156.9679ms
[debug]       Load.loadUnit: cleanEvalClasses took 0.2012ms
[debug]     Load.loadUnit(file:/C:/Users/Kuba/.sbt/1.0/plugins/, ...) took 296.7108ms
[debug]   Load.apply: load took 548.25ms
[debug]   Load.apply: resolveProjects took 5.7312ms
[debug]   Load.apply: finalTransforms took 80.9497ms
[debug]   Load.apply: config.delegates took 8.6286ms
[debug]   Load.apply: Def.make(settings)... took 497.6997ms
[debug]   Load.apply: structureIndex took 105.5014ms
[debug]   Load.apply: mkStreams took 2.0403ms
[info] loading global plugins from C:\Users\Kuba\.sbt\1.0\plugins
[debug] Running task... Cancel: Signal, check cycles: false, forcegc: true
[debug] Load.defaultLoad until apply took 3569.7411ms
[debug]           Load.loadUnit: plugins took 30.0375ms
[debug]           Load.loadUnit: defsScala took 0.0048ms
[debug] [Loading] Scanning directory C:\Users\Kuba\Desktop\Ecom\backend\services\InventoryService\project
[debug]             Load.loadUnit: mkEval took 10.2078ms
[debug] [Loading] Found non-root projects 
[debug] [Loading] Done in C:\Users\Kuba\Desktop\Ecom\backend\services\InventoryService\project, returning: ()
[debug] deducing auto plugins based on known facts Set(Atom(sbt.plugins.CorePlugin)) and clauses Clauses(Clause(Atom(sbt.plugins.JvmPlugin),Set(Atom(sbt.plugins.IvyPlugin)))
[debug] Clause(Atom(sbt.ScriptedPlugin),Set(Atom(sbt.plugins.JvmPlugin)))
[debug] Clause(Atom(sbt.plugins.SbtPlugin),Set(Atom(sbt.ScriptedPlugin)))
[debug] Clause(Atom(sbt.plugins.SemanticdbPlugin),Set(Atom(sbt.plugins.JvmPlugin)))
[debug] Clause(Atom(sbt.plugins.JUnitXmlReportPlugin),Set(Atom(sbt.plugins.JvmPlugin)))
[debug] Clause(Atom(sbt.plugins.MiniDependencyTreePlugin),Set(Atom(sbt.plugins.JvmPlugin)))
[debug] Clause(Atom(sbt.plugins.CorePlugin),Set(Atom(sbt.plugins.IvyPlugin)))
[debug] Clause(Atom(sbt.plugins.IvyPlugin),Set(Atom(sbt.plugins.JvmPlugin)))
[debug] Clause(Atom(sbt.plugins.JvmPlugin),Set(Atom(sbt.plugins.SemanticdbPlugin)))
[debug] Clause(Atom(sbt.plugins.JvmPlugin),Set(Atom(sbt.plugins.JUnitXmlReportPlugin)))
[debug] Clause(Atom(sbt.plugins.CorePlugin),Set(Atom(sbt.plugins.Giter8TemplatePlugin)))
[debug] Clause(Atom(sbt.plugins.JvmPlugin),Set(Atom(sbt.plugins.MiniDependencyTreePlugin))))
[debug]   :: deduced result: Matched(sbt.plugins.CorePlugin,sbt.plugins.Giter8TemplatePlugin,sbt.plugins.IvyPlugin,sbt.plugins.JvmPlugin,sbt.plugins.MiniDependencyTreePlugin,sbt.plugins.JUnitXmlReportPlugin,sbt.plugins.SemanticdbPlugin)
[debug] Plugins.deducer#function took 2.0682 ms
[info] loading settings for project inventoryservice-build from idea.sbt ...
[debug]               Load.resolveProject(inventoryservice-build) took 2.3926ms
[debug]             Load.loadTransitive: finalizeProject(Project(id inventoryservice-build, base: C:\Users\Kuba\Desktop\Ecom\backend\services\InventoryService\project, plugins: List(<none>))) took 4.8807ms
[debug] [Loading] Done in C:\Users\Kuba\Desktop\Ecom\backend\services\InventoryService\project, returning: (inventoryservice-build)
[debug]           Load.loadUnit: loadedProjectsRaw took 2831.8054ms
[debug]           Load.loadUnit: cleanEvalClasses took 5.7331ms
[debug]         Load.loadUnit(file:/C:/Users/Kuba/Desktop/Ecom/backend/services/InventoryService/project/, ...) took 2868.8106ms
[debug]       Load.apply: load took 2870.6164ms
[debug]       Load.apply: resolveProjects took 0.1028ms
[debug]       Load.apply: finalTransforms took 10.7356ms
[debug]       Load.apply: config.delegates took 0.4833ms
[debug]       Load.apply: Def.make(settings)... took 88.656ms
[debug]       Load.apply: structureIndex took 33.079ms
[debug]       Load.apply: mkStreams took 0.0032ms
[info] loading project definition from C:\Users\Kuba\Desktop\Ecom\backend\services\InventoryService\project
[debug] Running task... Cancel: Signal, check cycles: false, forcegc: true
[warn] Unrecognized repository Scala Plugin Bundled Repository, ignoring it
[warn] Unrecognized repository Scala Plugin Bundled Repository, ignoring it
[debug]     Load.loadUnit: plugins took 4416.2936ms
[debug]     Load.loadUnit: defsScala took 0.0029ms
[debug] [Loading] Scanning directory C:\Users\Kuba\Desktop\Ecom\backend\services\InventoryService
[debug]       Load.loadUnit: mkEval took 0.3674ms
[debug] [Loading] Found root project root w/ remaining 
[debug] deducing auto plugins based on known facts Set(Atom(sbt.plugins.CorePlugin)) and clauses Clauses(Clause(Atom(sbt.plugins.JvmPlugin),Set(Atom(sbt.plugins.IvyPlugin)))
[debug] Clause(Atom(sbt.ScriptedPlugin),Set(Atom(sbt.plugins.JvmPlugin)))
[debug] Clause(Atom(sbt.plugins.SbtPlugin),Set(Atom(sbt.ScriptedPlugin)))
[debug] Clause(Atom(sbt.plugins.SemanticdbPlugin),Set(Atom(sbt.plugins.JvmPlugin)))
[debug] Clause(Atom(sbt.plugins.JUnitXmlReportPlugin),Set(Atom(sbt.plugins.JvmPlugin)))
[debug] Clause(Atom(sbt.plugins.MiniDependencyTreePlugin),Set(Atom(sbt.plugins.JvmPlugin)))
[debug] Clause(Atom(org.jetbrains.sbt.StructurePlugin),Set(Atom(sbt.plugins.JvmPlugin)))
[debug] Clause(Atom(org.jetbrains.sbt.IdeaShellPlugin),Set(Atom(sbt.plugins.JvmPlugin)))
[debug] Clause(Atom(org.jetbrains.sbt.indices.SbtIntellijIndicesPlugin),Set(Atom(sbt.plugins.JvmPlugin)))
[debug] Clause(Atom(sbt.plugins.CorePlugin),Set(Atom(sbt.plugins.IvyPlugin)))
[debug] Clause(Atom(sbt.plugins.IvyPlugin),Set(Atom(sbt.plugins.JvmPlugin)))
[debug] Clause(Atom(sbt.plugins.JvmPlugin),Set(Atom(sbt.plugins.SemanticdbPlugin)))
[debug] Clause(Atom(sbt.plugins.JvmPlugin),Set(Atom(sbt.plugins.JUnitXmlReportPlugin)))
[debug] Clause(Atom(sbt.plugins.CorePlugin),Set(Atom(sbt.plugins.Giter8TemplatePlugin)))
[debug] Clause(Atom(sbt.plugins.JvmPlugin),Set(Atom(sbt.plugins.MiniDependencyTreePlugin)))
[debug] Clause(Atom(sbt.plugins.JvmPlugin),Set(Atom(org.jetbrains.sbt.StructurePlugin)))
[debug] Clause(Atom(sbt.plugins.JvmPlugin),Set(Atom(org.jetbrains.sbt.IdeaShellPlugin)))
[debug] Clause(And(Set(Atom(sbt.plugins.CorePlugin), Atom(sbt.plugins.JvmPlugin))),Set(Atom(org.jetbrains.sbt.indices.SbtIntellijIndicesPlugin))))
[debug]   :: deduced result: Matched(sbt.plugins.CorePlugin,sbt.plugins.Giter8TemplatePlugin,sbt.plugins.IvyPlugin,sbt.plugins.JvmPlugin,sbt.plugins.SemanticdbPlugin,org.jetbrains.sbt.indices.SbtIntellijIndicesPlugin,sbt.plugins.JUnitXmlReportPlugin,org.jetbrains.sbt.IdeaShellPlugin,org.jetbrains.sbt.StructurePlugin,sbt.plugins.MiniDependencyTreePlugin)
[debug] Plugins.deducer#function took 2.0426 ms
[info] loading settings for project root from build.sbt ...
[debug]         Load.resolveProject(root) took 37.8117ms
[debug]       Load.loadTransitive: finalizeProject(Project(id root, base: C:\Users\Kuba\Desktop\Ecom\backend\services\InventoryService, plugins: List(<none>))) took 41.3241ms
[debug] [Loading] Done in C:\Users\Kuba\Desktop\Ecom\backend\services\InventoryService, returning: (root)
[debug]     Load.loadUnit: loadedProjectsRaw took 1685.0287ms
[debug]     Load.loadUnit: cleanEvalClasses took 27.5439ms
[debug]   Load.loadUnit(file:/C:/Users/Kuba/Desktop/Ecom/backend/services/InventoryService/, ...) took 6130.1877ms
[debug] Load.apply: load took 6132.527ms
[debug] Load.apply: resolveProjects took 0.1233ms
[debug] Load.apply: finalTransforms took 32.2753ms
[debug] Load.apply: config.delegates took 0.2622ms
[debug] Load.apply: Def.make(settings)... took 70.7737ms
[debug] Load.apply: structureIndex took 25.3358ms
[debug] Load.apply: mkStreams took 0.0032ms
[info] set current project to InventoryService (in build file:/C:/Users/Kuba/Desktop/Ecom/backend/services/InventoryService/)
[debug] > Exec(sbtPopOnFailure, None, None)
[debug] > Exec(resumeFromFailure, None, None)
[debug] > Exec(notifyUsersAboutShell, None, None)
[debug] > Exec(iflast shell, None, None)
[debug] > Exec(; set ideaPort in Global := 61653 ; idea-shell, None, None)
[debug] > Exec(set ideaPort in Global := 61653, None, None)
[info] Defining Global / ideaPort
[info] The new value will be used by Compile / compile, Test / compile
[debug] Defining 
[debug] 	Global / ideaPort
[debug] 
[debug] The new value will be used by 
[debug] 	Compile / compile
[debug] 	Test / compile
[info] Reapplying settings...
[info] set current project to InventoryService (in build file:/C:/Users/Kuba/Desktop/Ecom/backend/services/InventoryService/)
[debug] > Exec(idea-shell, None, None)
